<?xml version="1.0" encoding="UTF-8"?>
<testng-results ignored="0" total="0" passed="0" failed="0" skipped="0">
  <reporter-output>
  </reporter-output>
  <suite started-at="2023-06-30T18:47:51 AEST" name="Meenakshi Test NG Suite" finished-at="2023-06-30T18:47:51 AEST" duration-ms="7">
    <groups>
    </groups>
    <test started-at="2023-06-30T18:47:51 AEST" name="Personal Loan" finished-at="2023-06-30T18:47:51 AEST" duration-ms="7">
    </test> <!-- Personal Loan -->
  </suite> <!-- Meenakshi Test NG Suite -->
</testng-results>
